<?xml version="1.0" encoding="UTF-8"?>
<!-- Generated by org.testng.reporters.JUnitXMLReporter -->
<testsuite ignored="0" hostname="Akeem" failures="0" tests="6" name="Default test" time="11.446" errors="0" timestamp="2023-03-26T18:55:19 CDT">
  <testcase classname="testCases.loginTestCase" name="browserOpen" time="3.959"/>
  <testcase classname="testCases.loginTestCase" name="url" time="1.156"/>
  <testcase classname="testCases.loginTestCase" name="account" time="0.084"/>
  <testcase classname="testCases.loginTestCase" name="testPage" time="0.44"/>
  <testcase classname="testCases.loginTestCase" name="loginTestPageFill" time="5.324"/>
  <testcase classname="testCases.loginTestCase" name="closedown" time="0.421"/>
</testsuite> <!-- Default test -->
