<?xml version="1.0" encoding="UTF-8"?>
<!-- Generated by org.testng.reporters.JUnitXMLReporter -->
<testsuite ignored="0" hostname="Akeem" failures="0" tests="25" name="Test" time="85.377" errors="0" timestamp="2023-03-23T09:55:45 CDT">
  <testcase classname="testCases.signUpPageDataSet" name="browserOpen" time="4.027"/>
  <testcase classname="testCases.signUpPageDataSet" name="url" time="1.125"/>
  <testcase classname="testCases.signUpPageDataSet" name="account" time="0.079"/>
  <testcase classname="testCases.signUpPageDataSet" name="register" time="0.874"/>
  <testcase classname="testCases.signUpPageDataSet" name="registerAccountFill" time="4.608"/>
  <testcase classname="testCases.signUpPageDataSet" name="registerAccountFill" time="4.689"/>
  <testcase classname="testCases.signUpPageDataSet" name="registerAccountFill" time="4.792"/>
  <testcase classname="testCases.signUpPageDataSet" name="registerAccountFill" time="4.735"/>
  <testcase classname="testCases.signUpPageDataSet" name="registerAccountFill" time="4.827"/>
  <testcase classname="testCases.signUpPageDataSet" name="registerAccountFill" time="4.746"/>
  <testcase classname="testCases.signUpPageDataSet" name="registerAccountFill" time="4.796"/>
  <testcase classname="testCases.signUpPageDataSet" name="registerAccountFill" time="4.702"/>
  <testcase classname="testCases.signUpPageDataSet" name="registerAccountFill" time="4.757"/>
  <testcase classname="testCases.signUpPageDataSet" name="registerAccountFill" time="4.749"/>
  <testcase classname="testCases.signUpPageDataSet" name="registerAccountFill" time="4.709"/>
  <testcase classname="testCases.signUpPageDataSet" name="registerAccountFill" time="4.709"/>
  <testcase classname="testCases.signUpPageDataSet" name="registerAccountFill" time="4.734"/>
  <testcase classname="testCases.signUpPageDataSet" name="registerAccountFill" time="4.712"/>
  <testcase classname="testCases.signUpPageDataSet" name="registerAccountFill" time="4.769"/>
  <testcase classname="testCases.signUpPageDataSet" name="close" time="0.455"/>
  <testcase classname="testCases.homePage" name="browserOpen" time="3.461"/>
  <testcase classname="testCases.homePage" name="url" time="0.896"/>
  <testcase classname="testCases.homePage" name="account" time="0.076"/>
  <testcase classname="testCases.homePage" name="register" time="0.5"/>
  <testcase classname="testCases.homePage" name="fillform" time="1.865"/>
</testsuite> <!-- Test -->
